0:100  0:100  MemLog inited, TSC freq: 1800276570
0:100  0:000  CPU was calibrated with RTC
0:100  0:000  
0:100  0:000  Now is 29.5.2019,  10:19:33 (GMT)
0:100  0:000  Starting Clover revision: 4920 on American Megatrends EFI
0:100  0:000  Build with: [Args: -nb -mc --no-usb -D NO_GRUB_DRIVERS_EMBEDDED | -D DISABLE_USB_SUPPORT -D NO_GRUB_DRIVERS_EMBEDDED -D USE_BIOS_BLOCKIO -D USE_LOW_EBDA -D HAVE_LEGACY_EMURUNTIMEDXE -a X64 -b RELEASE -t XCODE8 -n 5 | OS: 10.13.6 | XCODE: 10.1]
0:100  0:000  SelfDevicePath=PciRoot(0x0)\Pci(0x17,0x0)\Sata(0x2,0xFFFF,0x0)\HD(1,GPT,CC04BC5F-3D74-4DCE-8FD6-6023E2EA38E9,0x28,0x64000) @96D83E98
0:100  0:000  SelfDirPath = \EFI\CLOVER
0:102  0:001  === [ Get Smbios ] ========================================
0:107  0:005  Type 16 Index = 0
0:107  0:000  Total Memory Slots Count = 2
0:107  0:000  Type 17 Index = 0
0:107  0:000  SmbiosTable.Type17->Speed = 2133MHz
0:107  0:000  SmbiosTable.Type17->Size = 4096MB
0:107  0:000  SmbiosTable.Type17->Bank/Device = BANK 0 ChannelA-DIMM0
0:107  0:000  SmbiosTable.Type17->Vendor = Samsung
0:107  0:000  SmbiosTable.Type17->SerialNumber = 55000000
0:107  0:000  SmbiosTable.Type17->PartNumber = K4E6E304EB-EGCG   
0:107  0:000  Type 17 Index = 1
0:107  0:000  SmbiosTable.Type17->Speed = 2133MHz
0:107  0:000  SmbiosTable.Type17->Size = 4096MB
0:107  0:000  SmbiosTable.Type17->Bank/Device = BANK 2 ChannelB-DIMM0
0:107  0:000  SmbiosTable.Type17->Vendor = Samsung
0:107  0:000  SmbiosTable.Type17->SerialNumber = 55000000
0:107  0:000  SmbiosTable.Type17->PartNumber = K4E6E304EB-EGCG   
0:107  0:000  Boot status=0
0:107  0:000  Running on: 'UX430UAR' with board 'UX430UAR'
0:107  0:000  === [ GetCPUProperties ] ==================================
0:107  0:000  CPU Vendor = 756E6547 Model=806EA
0:107  0:000   The CPU supported SSE4.1
0:107  0:000  BrandString = Intel(R) Core(TM) i5-8250U CPU @ 1.60GHz
0:107  0:000   The CPU supported turbo
0:107  0:000  MSR 0x35               40008
0:107  0:000   TSC/CCC Information Leaf:
0:107  0:000    numerator     : 150
0:107  0:000    denominator   : 2
0:107  0:000   Calibrated ARTFrequency: 24003687
0:107  0:000  MSR 0xE2 before patch 1E008008
0:107  0:000  MSR 0xE2 is locked, PM patches will be turned on
0:107  0:000  MSR 0xCE              0004043D_F1011200
0:107  0:000  corrected FLEX_RATIO = 0
0:107  0:000  MSR 0x1B0             00000000
0:107  0:000  FSBFrequency = 84 MHz, DMI FSBFrequency = 100 MHz, Corrected FSBFrequency = 100 MHz
0:107  0:000  MaxDiv/MinDiv: 18.0/4
0:107  0:000  Turbo: 34/34/34/34
0:107  0:000  Features: 0xBFEBFBFF
0:107  0:000  Threads: 8
0:107  0:000  Cores: 4
0:107  0:000  FSB: 100 MHz
0:107  0:000  CPU: 1500 MHz
0:107  0:000  TSC: 1500 MHz
0:107  0:000  PIS: 100 MHz
0:107  0:000  ExternalClock: 25 MHz
0:107  0:000  === [ GetDevices ] ========================================
0:107  0:000  PCI (00|00:00.00) : 8086 5914 class=060000
0:107  0:000  PCI (00|00:02.00) : 8086 5917 class=030000
0:107  0:000   - GFX: Model=Intel UHD Graphics 620 (Intel)
0:107  0:000  PCI (00|00:04.00) : 8086 1903 class=118000
0:107  0:000  PCI (00|00:14.00) : 8086 9D2F class=0C0330
0:107  0:000  PCI (00|00:14.02) : 8086 9D31 class=118000
0:107  0:000  PCI (00|00:15.00) : 8086 9D60 class=118000
0:107  0:000  PCI (00|00:15.01) : 8086 9D61 class=118000
0:107  0:000  PCI (00|00:15.02) : 8086 9D62 class=118000
0:107  0:000  PCI (00|00:16.00) : 8086 9D3A class=078000
0:107  0:000  PCI (00|00:17.00) : 8086 9D03 class=010601
0:107  0:000  PCI (00|00:1C.00) : 8086 9D10 class=060400
0:107  0:000  PCI (00|00:1C.05) : 8086 9D15 class=060400
0:108  0:000  PCI (00|02:00.00) : 8086 24FD class=028000
0:108  0:000   - WIFI: Vendor=Intel
0:108  0:000  PCI (00|00:1F.00) : 8086 9D4E class=060100
0:108  0:000  PCI (00|00:1F.02) : 8086 9D21 class=058000
0:108  0:000  PCI (00|00:1F.03) : 8086 9D71 class=040300
0:108  0:000  PCI (00|00:1F.04) : 8086 9D23 class=0C0500
0:108  0:000  === [ GetDefaultSettings ] ================================
0:109  0:000  Clover load options size = 40 bytes
0:109  0:000  Clover started with option to boot bootmgfw.efi from EFI
0:114  0:005  EFI\CLOVER\config.plist loaded: Success
0:122  0:008  === [ GetListOfThemes ] ===================================
0:123  0:001  - [00]: Clovy
0:134  0:010  - [01]: BGM
0:142  0:008  - [02]: cesium
0:149  0:006  - [03]: random
0:153  0:003  - [03]: embedded
0:157  0:003  === [ Found config plists ] ===============================
0:158  0:001  - config.plist
0:159  0:000  === [ GetEarlyUserSettings ] ==============================
0:159  0:000  timeout set to 5
0:159  0:000  Custom boot CUSTOM_BOOT_DISABLED (0x0)
0:159  0:000  ForceKextsToLoad: 2 requested
0:159  0:000   - [0]: System\Library\Extensions\IONetworkingFamily.kext
0:159  0:000   - [1]: System\Library\Extensions\IOGraphicsFamily.kext
0:159  0:000  KextsToPatch: 5 requested
0:159  0:000   - [00]: AppleIntelLpssI2CController (Prevent Apple I2C kexts from attaching to I2C controllers, credit CoolStar) :: PlistPatch :: data len: 5
0:159  0:000   - [01]: AppleIntelLpssI2C (Prevent Apple I2C kexts from attaching to I2C controllers, credit CoolStar) :: PlistPatch :: data len: 5
0:159  0:000   - [02]: com.apple.iokit.IOAHCIBlockStorage (Enable TRIM for SSD) :: BinPatch :: data len: 11
0:159  0:000   - patch disabled at config
0:159  0:000   - [03]: com.apple.iokit.IOGraphicsFamily (Boot graphics glitch, 10.12 (credit denskop)) :: MatchOS: 10.12.x :: BinPatch :: data len: 5
0:159  0:000   - [04]: com.apple.iokit.IOGraphicsFamily (Boot graphics glitch, 10.13 (based on denskop patch)) :: MatchOS: 10.13.x :: BinPatch :: data len: 5
0:159  0:000  KernelToPatch: 3 requested
0:159  0:000   - [00]: MSR 0xE2 _xcpm_idle instant reboot(c) Pike R. Alpha :: data len: 8
0:159  0:000   - [01]: Disable panic kext logging on 10.13 release kernel (credit vit9696) :: MatchOS: 10.13.x :: data len: 6
0:159  0:000   - [02]: Disable panic kext logging on 10.14 release kernel (credit vit9696) :: MatchOS: 10.14.x :: data len: 6
0:160  0:000  Default theme: BGM
0:160  0:000  Hiding entries with string Preboot
0:160  0:000  === [ LoadDrivers ] =======================================
0:163  0:003  Loading HFSPlus-64.efi  status=Success
0:171  0:007   - driver needs connecting
0:171  0:000  Loading AppleKeyFeeder-64.efi  status=Success
0:177  0:005  Loading HFSPlus.efi  status=Success
0:183  0:006   - driver needs connecting
0:183  0:000  Loading PartitionDxe-64.efi  status=Success
0:191  0:007   - driver needs connecting
0:191  0:000  Loading DataHubDxe-64.efi  status=Success
0:212  0:020  Loading FSInject-64.efi  status=Success
0:219  0:007  Loading ApfsDriverLoader-64.efi  status=Success
0:225  0:006   - driver needs connecting
0:225  0:000  Loading AptioMemoryFix-64.efi  status=Success
0:232  0:006  Loading AudioDxe-64.efi  status=Success
0:240  0:007   - driver needs connecting
0:240  0:000  Loading VirtualSmc.efi  status=Success
0:247  0:007  Loading AppleUISupport-64.efi  status=Success
0:357  0:109  Loading AppleImageLoader-64.efi  status=Success
0:363  0:005  Loading EmuVariableUefi-64.efi  status=Success
0:369  0:006  EmuVariableUefi Initialize: VariableCommonInitialize = Success, orig services stored, install gEmuVariableControlProtocolGuid = Success
0:369  0:000  Loading AptioInputFix-64.efi  status=Success
0:376  0:007  5 drivers needs connecting ...
0:376  0:000  PlatformDriverOverrideProtocol not found. Installing ... Success
0:376  0:000  Partition driver loaded: 
0:376  0:000  HFS+ driver loaded
0:376  0:000  APFS driver loaded
0:376  0:000  Searching for invalid DiskIo BY_DRIVER connects: not found, all ok
4:584  4:207  EmuVariable InstallEmulation: orig vars copied, emu.var.services installed, CreateEvent VirtualAddressChange = Success, CreateEvent ExitBootServices = Success, set Status=Success
4:674  0:090  === [ InitScreen ] ========================================
4:674  0:000  Console modes reported: 4, available modes:
4:674  0:000   - [01]: 80x25 (current mode)
4:674  0:000   - [02]: 80x50
4:674  0:000   - [03]: 100x31
4:674  0:000   - [04]: 240x56
4:674  0:000  SetMaxResolution: found best mode 0: 1920x1080
4:674  0:000   - already set
4:674  0:000  reinit: self device path=PciRoot(0x0)\Pci(0x17,0x0)\Sata(0x2,0xFFFF,0x0)\HD(1,GPT,CC04BC5F-3D74-4DCE-8FD6-6023E2EA38E9,0x28,0x64000)
4:678  0:003  === [ GetMacAddress ] =====================================
4:678  0:000  === [ ScanSPD ] ===========================================
4:679  0:000  Scanning SMBus [8086:9D23], mmio: 0xEF132004, ioport: 0xF040, hostc: 0x11
4:680  0:001  === [ GetAcpiTablesList ] =================================
4:690  0:010  Get Acpi Tables List from RSDT:
4:690  0:000   - [00]: FACP  Notebook len=132
4:690  0:000   - [01]: APIC  Notebook len=188
4:690  0:000   - [02]: FPDT  Notebook len=68
4:690  0:000   - [03]: FIDT  Notebook len=156
4:690  0:000   - [04]: ECDT  Notebook len=193
4:690  0:000   - [05]: MCFG  Notebook len=60
4:690  0:000   - [06]: SSDT  SataTabl len=857
4:690  0:000   - [07]: SSDT  DptfTabl len=27635
4:690  0:000   - [08]: MSDM  Notebook len=85
4:690  0:000   - [09]: SSDT  SaSsdt  len=12615
4:690  0:000   - [10]: HPET  KBL-ULT len=56
4:690  0:000   - [11]: SSDT  OEM_RTD3 len=36
4:690  0:000   - [12]: UEFI  Notebook len=66
4:690  0:000   - [13]: SSDT  CpuSsdt len=6062
4:690  0:000   - [14]: LPIT  KBL-ULT len=148
4:690  0:000   - [15]: SSDT  HdaDsp len=321
4:690  0:000   - [16]: SSDT  sensrhub len=671
4:690  0:000   - [17]: SSDT  TbtTypeC len=1303
4:690  0:000   - [18]: DBGP   len=52
4:690  0:000   - [19]: DBG2   len=84
4:690  0:000   - [20]: DMAR  KBL  len=276
4:690  0:000   - [21]: BGRT  Notebook len=56
4:690  0:000   - [22]: TPM2  Notebook len=52
4:690  0:000   - [23]: WSMT  Notebook len=40
4:690  0:000  Calibrated TSC Frequency = 1800276570 = 1800MHz
4:690  0:000  === [ GetUserSettings ] ===================================
4:690  0:000  Add 8 properties:
4:690  0:000   - [00]: NVidia Key: name, len: 9
4:690  0:000   - [01]: NVidia Key: IOName, len: 9
4:690  0:000   - [02]: NVidia Key: class-code, len: 4
4:690  0:000   - [03]: ATI Key: name, len: 9
4:690  0:000   - [04]: ATI Key: IOName, len: 9
4:690  0:000   - [05]: ATI Key: class-code, len: 4
4:690  0:000   - [06]: ATI Key: vendor-id, len: 4
4:690  0:000   - [07]: ATI Key: device-id, len: 4
4:690  0:000  USB FixOwnership: yes
4:690  0:000  Dropping 3 tables:
4:690  0:000   - [00]: Drop table  signature="#MCF" (46434D23)
4:690  0:000           - set table: 46434D23,                0 to drop: no
4:690  0:000   - [01]: Drop table  signature="DMAR" (52414D44)
4:690  0:000           - set table: 52414D44,                0 to drop: yes
4:690  0:000   - [02]: Drop table  signature="SSDT" (54445353) table-id="xh_rvp10" (30317076725F6878)
4:690  0:000           - set table: 54445353, 30317076725F6878 to drop: no
4:690  0:000   - final DSDT Fix mask=40060050
4:690  0:000  PatchesDSDT: 40 requested
4:690  0:000   - [00]: (rename APSS to APXX) lenToFind: 4, lenToReplace: 4, Target Bridge: <null string>
4:690  0:000   - [01]: (rename OSID to XSID (to avoid match against _OSI XOSI patch)) lenToFind: 4, lenToReplace: 4, Target Bridge: <null string>
4:690  0:000   - [02]: (rename _OSI to XOSI) lenToFind: 4, lenToReplace: 4, Target Bridge: <null string>
4:690  0:000   - [03]: (rename _DSM to XDSM) lenToFind: 4, lenToReplace: 4, Target Bridge: <null string>
4:690  0:000   - [04]: (rename EHC1 to EH01) lenToFind: 4, lenToReplace: 4, Target Bridge: <null string>
4:690  0:000   - [05]: (rename EHC2 to EH02) lenToFind: 4, lenToReplace: 4, Target Bridge: <null string>
4:690  0:000   - [06]: (rename EUSB to EH01) lenToFind: 4, lenToReplace: 4, Target Bridge: <null string>
4:690  0:000   - [07]: (rename USBE to EH02) lenToFind: 4, lenToReplace: 4, Target Bridge: <null string>
4:690  0:000   - [08]: (rename GFX0 to IGPU) lenToFind: 4, lenToReplace: 4, Target Bridge: <null string>
4:690  0:000   - [09]: (rename HDAS to HDEF) lenToFind: 4, lenToReplace: 4, Target Bridge: <null string>
4:690  0:000   - [10]: (rename AZAL to HDEF) lenToFind: 4, lenToReplace: 4, Target Bridge: <null string>
4:690  0:000   - [11]: (rename B0D3 to HDAU) lenToFind: 4, lenToReplace: 4, Target Bridge: <null string>
4:690  0:000   - [12]: (rename HECI to IMEI) lenToFind: 4, lenToReplace: 4, Target Bridge: <null string>
4:690  0:000   - [13]: (rename MEI to IMEI) lenToFind: 4, lenToReplace: 4, Target Bridge: <null string>
4:690  0:000   - [14]: (rename SAT0 to SATA) lenToFind: 4, lenToReplace: 4, Target Bridge: <null string>
4:690  0:000   - [15]: (rename LPC to LPCB) lenToFind: 4, lenToReplace: 4, Target Bridge: <null string>
4:690  0:000   - [16]: (rename _REG to XREG in EC0) lenToFind: 7, lenToReplace: 7, Target Bridge: <null string>
4:690  0:000   - [17]: (rename Method(_PTS,1,N) to ZPTS, pair with SSDT-PTSWAK.aml) lenToFind: 5, lenToReplace: 5, Target Bridge: <null string>
4:690  0:000   - [18]: (rename Method(_PTS,1,S) to ZPTS, pair with SSDT-PTSWAK.aml) lenToFind: 5, lenToReplace: 5, Target Bridge: <null string>
4:690  0:000   - [19]: (rename Method(_WAK,1,N) to ZWAK, pair with SSDT-PTSWAK.aml) lenToFind: 5, lenToReplace: 5, Target Bridge: <null string>
4:690  0:000   - [20]: (rename Method(_WAK,1,S) to ZWAK, pair with SSDT-PTSWAK.aml) lenToFind: 5, lenToReplace: 5, Target Bridge: <null string>
4:690  0:000   - [21]: (rename Method(GPRW,2,N) to XPRW) lenToFind: 5, lenToReplace: 5, Target Bridge: <null string>
4:690  0:000   - [22]: (rename _STA methods in MATH and LDR2 device to XSTA) lenToFind: 9, lenToReplace: 9, Target Bridge: <null string>
4:690  0:000   - [23]: ((Battery) Rename Method(_BIX,0) to Method(XBIX,0)) lenToFind: 5, lenToReplace: 5, Target Bridge: <null string>
4:690  0:000   - [24]: ((Battery) Rename Method(BIFA,0) to Method(XBIF,0)) lenToFind: 5, lenToReplace: 5, Target Bridge: <null string>
4:690  0:000   - [25]: ((Battery) Rename Method(SMBR,3,Serialized) to Method(XSMR,3,Serialized)) lenToFind: 5, lenToReplace: 5, Target Bridge: <null string>
4:690  0:000   - [26]: ((Battery) Rename Method(SMBW,5,Serialized) to Method(XSMW,5,Serialized)) lenToFind: 5, lenToReplace: 5, Target Bridge: <null string>
4:690  0:000   - [27]: ((Battery) Rename Method(FBST,4) to Method(XBST,4)) lenToFind: 5, lenToReplace: 5, Target Bridge: <null string>
4:690  0:000   - [28]: ((ATK) rename Method(RALS,0,S) XALS) lenToFind: 5, lenToReplace: 5, Target Bridge: <null string>
4:690  0:000   - [29]: ((ATK) rename Method(_Q0A,0,NS) to XQ0A) lenToFind: 5, lenToReplace: 5, Target Bridge: <null string>
4:690  0:000   - [30]: ((ATK) rename Method(_Q0B,0,NS) to XQ0B) lenToFind: 5, lenToReplace: 5, Target Bridge: <null string>
4:690  0:000   - [31]: ((ATK) rename Method(_Q0E,0,NS) to XQ0E) lenToFind: 5, lenToReplace: 5, Target Bridge: <null string>
4:690  0:000   - [32]: ((ATK) rename Method(_Q0F,0,NS) to XQ0F) lenToFind: 5, lenToReplace: 5, Target Bridge: <null string>
4:690  0:000   - [33]: ((ATK) rename Method(_QCD,0,NS) to XQCD) lenToFind: 5, lenToReplace: 5, Target Bridge: <null string>
4:690  0:000   - [34]: ((ATK) rename Method(_Q11,0,NS) to XQ11) lenToFind: 5, lenToReplace: 5, Target Bridge: <null string>
4:690  0:000   - [35]: ((ATK) rename Method(_Q76,0,NS) to XQ76) lenToFind: 5, lenToReplace: 5, Target Bridge: <null string>
4:690  0:000   - [36]: ((I2C) rename SSCN to XSCN) lenToFind: 4, lenToReplace: 4, Target Bridge: <null string>
4:690  0:000   - [37]: ((I2C) rename FMCN to XMCN) lenToFind: 4, lenToReplace: 4, Target Bridge: <null string>
4:690  0:000   - [38]: ((I2C) rename Method(_STA,0,NS) in GPI0 to XSTA) lenToFind: 12, lenToReplace: 12, Target Bridge: <null string>
4:690  0:000    patch disabled at config
4:690  0:000   - [39]: ((I2C) rename Method(_CRS,0,S) in ETPD to XCRS) lenToFind: 10, lenToReplace: 10, Target Bridge: <null string>
4:690  0:000    patch disabled at config
4:690  0:000  Using ProductName from config: MacBookPro14,1
4:690  0:000  Using latest BiosVersion from clover
4:690  0:000  BiosVersion: MBP141.88Z.F000.B00.1902181121
4:690  0:000  BiosReleaseDate: 02/18/2019
4:690  0:000  Using EfiVersion from config: 184.0.0.0.0
4:690  0:000  Using FirmwareFeatures from config: 0xFC0FE137
4:690  0:000  Using FirmwareFeaturesMask from config: 0xFF1FFF3F
4:690  0:000  Board-ID set from config as Mac-B4831CEBD52A0C4C
4:690  0:000  BoardType: 0xA
4:690  0:000  ChassisType: 0x9
4:698  0:007  === [ Found DSDT tables ] =================================
4:869  0:171  === [ ScanVolumes ] =======================================
4:869  0:000  Found 9 volumes with blockIO
4:869  0:000  - [00]: Volume: PciRoot(0x0)\Pci(0x17,0x0)\Sata(0x2,0xFFFF,0x0)
4:869  0:000  - [01]: Volume: PciRoot(0x0)\Pci(0x17,0x0)\Sata(0x2,0xFFFF,0x0)\HD(1,GPT,CC04BC5F-3D74-4DCE-8FD6-6023E2EA38E9,0x28,0x64000)
4:870  0:000          Result of bootcode detection: bootable unknown (legacy)
4:873  0:002          This is SelfVolume !!
4:873  0:000  - [02]: Volume: PciRoot(0x0)\Pci(0x17,0x0)\Sata(0x2,0xFFFF,0x0)\HD(2,GPT,FF7015AE-FFF1-45C2-8279-930E70F36CF9,0x64028,0xEE6B280)
4:873  0:000          Result of bootcode detection: bootable unknown (legacy)
4:873  0:000  - [03]: Volume: PciRoot(0x0)\Pci(0x17,0x0)\Sata(0x2,0xFFFF,0x0)\HD(3,GPT,D163E73A-B457-4CC6-89C1-006781FB2069,0xEECF800,0x8000)
4:874  0:000  - [04]: Volume: PciRoot(0x0)\Pci(0x17,0x0)\Sata(0x2,0xFFFF,0x0)\HD(4,GPT,5C4A3204-84B6-4213-85BA-2F5E54CB91BA,0xEED7800,0xEE1B800)
4:875  0:000          Result of bootcode detection: bootable unknown (legacy)
4:875  0:000  - [05]: Volume: PciRoot(0x0)\Pci(0x17,0x0)\Sata(0x2,0xFFFF,0x0)\HD(2,GPT,FF7015AE-FFF1-45C2-8279-930E70F36CF9,0x64028,0xEE6B280)\VenMedia(BE74FCF7-0B7C-49F3-9147-01F4042E6842,A9A59B8DAE7FF34C8C17DE28F6EE46B9)
4:875  0:000          hiding this volume
4:875  0:000  - [06]: Volume: PciRoot(0x0)\Pci(0x17,0x0)\Sata(0x2,0xFFFF,0x0)\HD(2,GPT,FF7015AE-FFF1-45C2-8279-930E70F36CF9,0x64028,0xEE6B280)\VenMedia(BE74FCF7-0B7C-49F3-9147-01F4042E6842,3EFAFF51D4112040B945DC85A9AE75C6)
4:875  0:000  - [07]: Volume: PciRoot(0x0)\Pci(0x17,0x0)\Sata(0x2,0xFFFF,0x0)\HD(2,GPT,FF7015AE-FFF1-45C2-8279-930E70F36CF9,0x64028,0xEE6B280)\VenMedia(BE74FCF7-0B7C-49F3-9147-01F4042E6842,62F064C76CD7CA48BC32E1FD95284724)
4:875  0:000  - [08]: Volume: PciRoot(0x0)\Pci(0x17,0x0)\Sata(0x2,0xFFFF,0x0)\HD(2,GPT,FF7015AE-FFF1-45C2-8279-930E70F36CF9,0x64028,0xEE6B280)\VenMedia(BE74FCF7-0B7C-49F3-9147-01F4042E6842,70EC24325868614984BA3927E64B8636)
4:878  0:003  Loading nvram.plist from Vol 'EFI' - loaded, size=1481
4:882  0:004  === [ PutNvramPlistToRtVars ] =============================
4:882  0:000   Adding Key: EFILoginHiDPI: Size = 4, Data: 00 00 00 00 
4:882  0:000   Skipping EmuVariableUefiPresent
4:882  0:000   Adding Key: SystemAudioVolume: Size = 1, Data: 41 
4:882  0:000   Adding Key: SystemAudioVolumeDB: Size = 1, Data: F0 
4:882  0:000   Adding Key: backlight-level: Size = 2, Data: 6C 05 
4:882  0:000   Adding Key: bluetoothActiveControllerInfo: Size = 16, Data: 2B 0A 87 80 00 00 00 00 60 14 D4 25 8B 4E A0 79 
4:882  0:000   Adding Key: csr-active-config: Size = 4, Data: 67 00 00 00 
4:882  0:000   Adding Key: efi-boot-device: Size = 216, Data: 3C 61 72 72 61 79 3E 3C 64 69 63 74 3E 3C 6B 65 79 3E 49 4F 4D 61 74 63 68 3C 2F 6B 65 79 3E 3C 64 69 63 74 3E 3C 6B 65 79 3E 49 4F 50 72 6F 76 69 64 65 72 43 6C 61 73 73 3C 2F 6B 65 79 3E 3C 73 74 72 69 6E 67 3E 49 4F 4D 65 64 69 61 3C 2F 73 74 72 69 6E 67 3E 3C 6B 65 79 3E 49 4F 50 72 6F 70 65 72 74 79 4D 61 74 63 68 3C 2F 6B 65 79 3E 3C 64 69 63 74 3E 3C 6B 65 79 3E 55 55 49 44 3C 2F 6B 65 79 3E 3C 73 74 72 69 6E 67 3E 46 46 37 30 31 35 41 45 2D 46 46 46 31 2D 34 35 43 32 2D 38 32 37 39 2D 39 33 30 45 37 30 46 33 36 43 46 39 3C 2F 73 74 72 69 6E 67 3E 3C 2F 64 69 63 74 3E 3C 2F 64 69 63 74 3E 3C 2F 64 69 63 74 3E 3C 2F 61 72 72 61 79 3E 
4:883  0:000   Adding Key: efi-boot-device-data: Size = 110, Data: 02 01 0C 00 D0 41 03 0A 00 00 00 00 01 01 06 00 00 17 03 12 0A 00 02 00 FF FF 00 00 04 01 2A 00 02 00 00 00 28 40 06 00 00 00 00 00 80 B2 E6 0E 00 00 00 00 AE 15 70 FF F1 FF C2 45 82 79 93 0E 70 F3 6C F9 02 02 04 03 24 00 F7 FC 74 BE 7C 0B F3 49 91 47 01 F4 04 2E 68 42 3E FA FF 51 D4 11 20 40 B9 45 DC 85 A9 AE 75 C6 7F FF 04 00 
4:883  0:000   Adding Key: flagstate: Size = 32, Data: 00 00 00 00 00 00 00 00 00 00 00 00 00 00 00 00 00 00 00 00 00 00 00 00 00 00 00 00 00 00 00 00 
4:883  0:000   Adding Key: security-mode: String: Size = 4, Val = 'none'
4:883  0:000   Adding Key: specialbootdevice: Size = 110, Data: 02 01 0C 00 D0 41 03 0A 00 00 00 00 01 01 06 00 00 17 03 12 0A 00 02 00 FF FF 00 00 04 01 2A 00 02 00 00 00 28 40 06 00 00 00 00 00 80 B2 E6 0E 00 00 00 00 AE 15 70 FF F1 FF C2 45 82 79 93 0E 70 F3 6C F9 02 02 04 03 24 00 F7 FC 74 BE 7C 0B F3 49 91 47 01 F4 04 2E 68 42 3E FA FF 51 D4 11 20 40 B9 45 DC 85 A9 AE 75 C6 7F FF 04 00 
4:883  0:000  found 2 handles with audio
4:883  0:000  No AudioIoDevice stored
4:883  0:000  no stored audio parameters
4:883  0:000  === [ InitTheme ] =========================================
4:883  0:000  use daylight theme
4:896  0:013  Using theme 'BGM' (EFI\CLOVER\themes\BGM)
4:896  0:000  OS main and drive as badge
4:897  0:000  file sound read: sound.wav Not Found
4:901  0:003  Loading font from ThemeDir: Success
4:901  0:000  theme inited
4:901  0:000  Chosen theme BGM
4:901  0:000  after NVRAM boot-args=dart=0 nv_disable=1 -disablegfxfirmware -cdfon -wegnoegpu
4:902  0:000  === [ Dump SMC keys from NVRAM ] ==========================
4:902  0:000  found AppleSMC protocol
4:902  0:000  === [ AddCustomEntries ] ==================================
4:902  0:000  Custom entry 0 Title:"Recovery" Path:"\com.apple.recovery.boot\boot.efi" Type:10 Flags:0x6 matching all volumes
4:902  0:000      Checking volume "EFI" (PciRoot(0x0)\Pci(0x17,0x0)\Sata(0x2,0xFFFF,0x0)\HD(1,GPT,CC04BC5F-3D74-4DCE-8FD6-6023E2EA38E9,0x28,0x64000)) ... skipped because path does not exist
4:902  0:000      Checking volume "Preboot" (PciRoot(0x0)\Pci(0x17,0x0)\Sata(0x2,0xFFFF,0x0)\HD(2,GPT,FF7015AE-FFF1-45C2-8279-930E70F36CF9,0x64028,0xEE6B280)\VenMedia(BE74FCF7-0B7C-49F3-9147-01F4042E6842,A9A59B8DAE7FF34C8C17DE28F6EE46B9)) ... skipped because volume is hidden
4:902  0:000      Checking volume "OsX" (PciRoot(0x0)\Pci(0x17,0x0)\Sata(0x2,0xFFFF,0x0)\HD(2,GPT,FF7015AE-FFF1-45C2-8279-930E70F36CF9,0x64028,0xEE6B280)\VenMedia(BE74FCF7-0B7C-49F3-9147-01F4042E6842,3EFAFF51D4112040B945DC85A9AE75C6)) ... skipped because path does not exist
4:903  0:000      Checking volume "Recovery" (PciRoot(0x0)\Pci(0x17,0x0)\Sata(0x2,0xFFFF,0x0)\HD(2,GPT,FF7015AE-FFF1-45C2-8279-930E70F36CF9,0x64028,0xEE6B280)\VenMedia(BE74FCF7-0B7C-49F3-9147-01F4042E6842,62F064C76CD7CA48BC32E1FD95284724)) ... skipped because path does not exist
4:903  0:000      Checking volume "VM" (PciRoot(0x0)\Pci(0x17,0x0)\Sata(0x2,0xFFFF,0x0)\HD(2,GPT,FF7015AE-FFF1-45C2-8279-930E70F36CF9,0x64028,0xEE6B280)\VenMedia(BE74FCF7-0B7C-49F3-9147-01F4042E6842,70EC24325868614984BA3927E64B8636)) ... skipped because path does not exist
4:903  0:000  Custom entry 1 Title:"Windows" Path:"\EFI\Microsoft\Boot\bootmgfw.efi" Options:"-s -h" Type:7 Flags:0x0 matching all volumes
4:903  0:000      Checking volume "EFI" (PciRoot(0x0)\Pci(0x17,0x0)\Sata(0x2,0xFFFF,0x0)\HD(1,GPT,CC04BC5F-3D74-4DCE-8FD6-6023E2EA38E9,0x28,0x64000)) ... match!
4:924  0:020  Custom settings: <null string>.plist will  be applied
4:924  0:000      Checking volume "Preboot" (PciRoot(0x0)\Pci(0x17,0x0)\Sata(0x2,0xFFFF,0x0)\HD(2,GPT,FF7015AE-FFF1-45C2-8279-930E70F36CF9,0x64028,0xEE6B280)\VenMedia(BE74FCF7-0B7C-49F3-9147-01F4042E6842,A9A59B8DAE7FF34C8C17DE28F6EE46B9)) ... skipped because volume is hidden
4:924  0:000      Checking volume "OsX" (PciRoot(0x0)\Pci(0x17,0x0)\Sata(0x2,0xFFFF,0x0)\HD(2,GPT,FF7015AE-FFF1-45C2-8279-930E70F36CF9,0x64028,0xEE6B280)\VenMedia(BE74FCF7-0B7C-49F3-9147-01F4042E6842,3EFAFF51D4112040B945DC85A9AE75C6)) ... skipped because path does not exist
4:924  0:000      Checking volume "Recovery" (PciRoot(0x0)\Pci(0x17,0x0)\Sata(0x2,0xFFFF,0x0)\HD(2,GPT,FF7015AE-FFF1-45C2-8279-930E70F36CF9,0x64028,0xEE6B280)\VenMedia(BE74FCF7-0B7C-49F3-9147-01F4042E6842,62F064C76CD7CA48BC32E1FD95284724)) ... skipped because path does not exist
4:925  0:000      Checking volume "VM" (PciRoot(0x0)\Pci(0x17,0x0)\Sata(0x2,0xFFFF,0x0)\HD(2,GPT,FF7015AE-FFF1-45C2-8279-930E70F36CF9,0x64028,0xEE6B280)\VenMedia(BE74FCF7-0B7C-49F3-9147-01F4042E6842,70EC24325868614984BA3927E64B8636)) ... skipped because path does not exist
4:925  0:000  === [ ScanLoader ] ========================================
4:925  0:000  - [01]: 'EFI'
4:933  0:008          AddLoaderEntry for Volume Name=EFI
4:933  0:000       skipped because path `PciRoot(0x0)\Pci(0x17,0x0)\Sata(0x2,0xFFFF,0x0)\HD(1,GPT,CC04BC5F-3D74-4DCE-8FD6-6023E2EA38E9,0x28,0x64000)\EFI\microsoft\Boot\bootmgfw.efii` already exists for another entry!
5:045  0:111          AddLoaderEntry for Volume Name=EFI
5:045  0:000          skipped because entry is hidden
5:045  0:000  - [05]: 'Preboot', hidden
5:045  0:000  - [06]: 'OsX'
5:120  0:075          AddLoaderEntry for Volume Name=OsX
5:136  0:015      hibernated: set as never
5:257  0:121  - [07]: 'Recovery'
5:264  0:006          AddLoaderEntry for Volume Name=Recovery
5:376  0:111  - [08]: 'VM'
5:465  0:089  === [ AddCustomTool ] =====================================
5:469  0:003  found tool \EFI\CLOVER\tools\Shell64U.efi
5:469  0:000  Checking EFI partition Volume 1 for Clover
5:472  0:003   Found Clover
5:474  0:002  Use anime=Anim_9_Boot_Sequence frames=64
5:474  0:000  EmuVariable UninstallEmulation: CloseEvent = Success, original var services restored
5:483  0:009  EmuVariable InstallEmulation: orig vars copied, emu.var.services installed, CreateEvent VirtualAddressChange = Success, CreateEvent ExitBootServices = Success, set Status=Success
5:574  0:090  === [ GetEfiBootDeviceFromNvram ] =========================
5:574  0:000   - efi-boot-device-data: PciRoot(0x0)\Pci(0x17,0x0)\Sata(0x2,0xFFFF,0x0)\HD(2,GPT,FF7015AE-FFF1-45C2-8279-930E70F36CF9,0x64028,0xEE6B280)\VenMedia(BE74FCF7-0B7C-49F3-9147-01F4042E6842,3EFAFF51D4112040B945DC85A9AE75C6)
5:574  0:000    - Volume: 'PciRoot(0x0)\Pci(0x17,0x0)\Sata(0x2,0xFFFF,0x0)\HD(2,GPT,FF7015AE-FFF1-45C2-8279-930E70F36CF9,0x64028,0xEE6B280)\VenMedia(BE74FCF7-0B7C-49F3-9147-01F4042E6842,3EFAFF51D4112040B945DC85A9AE75C6)'
5:574  0:000    - LoaderPath: '<null string>'
5:574  0:000    - Guid = FF7015AE-FFF1-45C2-8279-930E70F36CF9
5:574  0:000  === [ FindStartupDiskVolume ] =============================
5:574  0:000    - Volume: partition = PciRoot(0x0)\Pci(0x17,0x0)\Sata(0x2,0xFFFF,0x0)\HD(2,GPT,FF7015AE-FFF1-45C2-8279-930E70F36CF9,0x64028,0xEE6B280)\VenMedia(BE74FCF7-0B7C-49F3-9147-01F4042E6842,3EFAFF51D4112040B945DC85A9AE75C6)
5:574  0:000     - searching for that partition
5:574  0:000      - found entry 1. 'Boot macOS from OsX', Volume 'OsX'
5:574  0:000  Boot redirected to Entry 1. 'Boot macOS from OsX'
5:574  0:000  EmuVariable UninstallEmulation: CloseEvent = Success, original var services restored
5:574  0:000  DefaultIndex=1 and MainMenu.EntryCount=9
5:574  0:000  Use anime=Anim_1_Logo frames=49
5:752  0:177   found 49 frames of the anime
5:752  0:000  recalculated Screen->Film position
5:752  0:000   Anime seems OK, init it
7:873  2:120  GUI ready
